*******************************************************************************
                 recode--PhLex Tools-- 1.1 (beta)(3) 1999/06/14


   Copyright 1997,1998 House Ear Institute, Los Angeles CA, All Rights Reserved

*******************************************************************************
readPhelx(): nRecsRead: <400>
readPhlex(): nLexRecs:  <399>
399 records have been read.
nLexRecs: <399>, g_origSortEntries: <399>
Concatenating homophones ... nLexRecs: <398>, g_origSortEntries: <398>
 deleted <1> records
 Finished, leaving <398> records
Time of calculation: Wed Jul 07 16:23:25 1999
This file is: f2a-exc2.lex
1. Do recoding without stress markers:[ON]
2. Do recoding without syllable boundary:[ON]
7. Output include the long list:[OFF]
8. Name of output file:[f2a-exc2.lex]
mapping <p > to cluster <p>
Cluster[1]: <p> represents p 
mapping <b > to cluster <b>
Cluster[2]: <b> represents b 
mapping <m > to cluster <m>
Cluster[3]: <m> represents m 
mapping <f v > to cluster <v>
Cluster[4]: <v> represents f v 
mapping <T z > to cluster <z>
Cluster[5]: <z> represents T z 
mapping <D > to cluster <D>
Cluster[6]: <D> represents D 
mapping <w > to cluster <w>
Cluster[7]: <w> represents w 
mapping <r l > to cluster <r>
Cluster[8]: <r> represents l r 
mapping <C J > to cluster <J>
Cluster[9]: <J> represents C J 
mapping <S Z > to cluster <Z>
Cluster[10]: <Z> represents S Z 
mapping <t > to cluster <t>
Cluster[11]: <t> represents t 
mapping <d > to cluster <d>
Cluster[12]: <d> represents d 
mapping <s > to cluster <s>
Cluster[13]: <s> represents s 
mapping <k > to cluster <k>
Cluster[14]: <k> represents k 
mapping <g > to cluster <g>
Cluster[15]: <g> represents g 
mapping <n > to cluster <n>
Cluster[16]: <n> represents n 
mapping <h > to cluster <h>
Cluster[17]: <h> represents h 
mapping <i > to cluster <i>
Cluster[18]: <i> represents i 
mapping <I > to cluster <I>
Cluster[19]: <I> represents I 
mapping <e > to cluster <e>
Cluster[20]: <e> represents e 
mapping <A > to cluster <A>
Cluster[21]: <A> represents A 
mapping <E > to cluster <E>
Cluster[22]: <E> represents E 
mapping <R > to cluster <R>
Cluster[23]: <R> represents R 
mapping <@ > to cluster <@>
Cluster[24]: <@> represents @ 
mapping <a c > to cluster <c>
Cluster[25]: <c> represents a c 
mapping <o > to cluster <o>
Cluster[26]: <o> represents o 
mapping <W > to cluster <W>
Cluster[27]: <W> represents W 
mapping <O > to cluster <O>
Cluster[28]: <O> represents O 
mapping <^ > to cluster <^>
Cluster[29]: <^> represents ^ 
mapping <U > to cluster <U>
Cluster[30]: <U> represents U 
mapping <u > to cluster <u>
Cluster[31]: <u> represents u 
# rcstat()
# Of 398 original entries, 352 are still unique [88.44%]
# Of 375 total equivalence classes, 352 are unique [93.87%]
# The sum of the frequencies of all words is          : 49656
# The sum of the frequencies of the unique classes is : 47150 
#                                                     : 94.95%
# The sum of the log frequencies of all words is      : 1108.37
# The sum of the log frequencies of unique classes is : 969.63
#                                                     : 87.48%
# The expected class size (ECS) is           :   1.12
# The weighted expected class size (ECS) is           :   1.05
# The log weighted expected class size (ECS) is       :   1.13
# The expected inverse class size is        :   0.9422
# The frequency weighted expected inverse class size is        :   0.9748
# The log frequency weighted expected inverse class size is        :   0.9374
# pAlpha: <-6.079898>, pTotal: <-6.113243>
# The PIE for this recoding is 99.45%
# The distribution for this recoding is: 96.47%
# The frequency-weighted distribution for this recoding is: 97.76%
Uniqueness point statistics for original lexicon:
WD_Len  Tot_N  Tot_freq  Bef_N  Bef_freq  At_N At_freq  Aft_N  Aft_freq
  2	  35     54.17       3     2.28     20    33.92     12    17.97
  3	 313    353.41      59    69.06    251   280.90      3     3.46
  4	  48     70.56      45    67.70      3     2.85      0     0.00
  5	   1      2.27       1     2.27      0     0.00      0     0.00
Uniqueness point statistics for recoded lexicon:
WD_Len  Tot_N  Tot_freq  Bef_N  Bef_freq  At_N At_freq  Aft_N  Aft_freq
  2	  35     54.17       3     2.28     15    25.58     17    26.31
  3	 313    353.41      48    60.67    262   289.29      3     3.46
  4	  48     70.56      45    67.70      3     2.85      0     0.00
  5	   1      2.27       1     2.27      0     0.00      0     0.00
# rcstat() Finished: Wed Jul 07 16:23:26 EDT 1999
